[debug] [2024-03-29T02:25:11.125Z] ----------------------------------------------------------------------
[debug] [2024-03-29T02:25:11.132Z] Command:       C:\Program Files\nodejs\node.exe C:\Users\anike\AppData\Roaming\npm\node_modules\firebase-tools\lib\bin\firebase.js init
[debug] [2024-03-29T02:25:11.133Z] CLI Version:   13.5.2
[debug] [2024-03-29T02:25:11.134Z] Platform:      win32
[debug] [2024-03-29T02:25:11.134Z] Node Version:  v20.9.0
[debug] [2024-03-29T02:25:11.135Z] Time:          Fri Mar 29 2024 07:55:11 GMT+0530 (India Standard Time)
[debug] [2024-03-29T02:25:11.136Z] ----------------------------------------------------------------------
[debug] 
[debug] [2024-03-29T02:25:11.143Z] >>> [apiv2][query] GET https://firebase-public.firebaseio.com/cli.json [none]
[debug] [2024-03-29T02:25:11.237Z] > command requires scopes: ["email","openid","https://www.googleapis.com/auth/cloudplatformprojects.readonly","https://www.googleapis.com/auth/firebase","https://www.googleapis.com/auth/cloud-platform"]
[debug] [2024-03-29T02:25:11.237Z] > authorizing via signed-in user (aniketpatidar60@gmail.com)
[info] 
     ######## #### ########  ######## ########     ###     ######  ########
     ##        ##  ##     ## ##       ##     ##  ##   ##  ##       ##
     ######    ##  ########  ######   ########  #########  ######  ######
     ##        ##  ##    ##  ##       ##     ## ##     ##       ## ##
     ##       #### ##     ## ######## ########  ##     ##  ######  ########

You're about to initialize a Firebase project in this directory:

  C:\Users\anike\OneDrive\Desktop\C-Api-Ramji-

[debug] [2024-03-29T02:25:17.385Z] <<< [apiv2][status] GET https://firebase-public.firebaseio.com/cli.json 200
[debug] [2024-03-29T02:25:17.386Z] <<< [apiv2][body] GET https://firebase-public.firebaseio.com/cli.json {"cloudBuildErrorAfter":1594252800000,"cloudBuildWarnAfter":1590019200000,"defaultNode10After":1594252800000,"minVersion":"3.0.5","node8DeploysDisabledAfter":1613390400000,"node8RuntimeDisabledAfter":1615809600000,"node8WarnAfter":1600128000000}
